{
  "Cucumber Features": {
    "coverage": {
      "/Users/swapneel/Penn/Fall2014/Teaching/597/code/in-class/rails/yolo-octo-nemesis/app/controllers/albums_controller.rb": [
        1,
        null,
        null,
        1,
        0,
        null,
        0,
        0,
        0,
        null,
        null,
        null,
        1,
        0,
        null,
        null,
        1,
        null,
        null,
        0,
        0,
        0,
        null,
        null,
        0,
        null,
        null,
        null,
        null,
        1,
        1,
        null,
        1,
        1,
        1,
        null,
        null,
        null,
        null,
        null,
        1,
        2,
        null,
        2,
        2,
        2,
        null,
        null,
        null,
        null,
        1,
        0,
        null,
        null,
        null,
        null,
        1,
        2,
        null,
        2,
        2,
        2,
        1,
        null,
        2,
        1,
        null,
        null,
        null,
        null,
        null,
        null,
        1,
        0,
        null,
        0,
        0,
        0,
        0,
        null,
        0,
        0,
        null,
        null,
        null,
        null,
        null,
        null,
        1,
        0,
        0,
        null,
        0,
        0,
        0,
        null,
        null,
        null
      ],
      "/Users/swapneel/Penn/Fall2014/Teaching/597/code/in-class/rails/yolo-octo-nemesis/app/controllers/application_controller.rb": [
        1,
        1,
        null
      ],
      "/Users/swapneel/Penn/Fall2014/Teaching/597/code/in-class/rails/yolo-octo-nemesis/app/helpers/application_helper.rb": [
        1,
        null
      ],
      "/Users/swapneel/Penn/Fall2014/Teaching/597/code/in-class/rails/yolo-octo-nemesis/app/helpers/albums_helper.rb": [
        1,
        null
      ],
      "/Users/swapneel/Penn/Fall2014/Teaching/597/code/in-class/rails/yolo-octo-nemesis/app/helpers/playlists_helper.rb": [
        1,
        null
      ],
      "/Users/swapneel/Penn/Fall2014/Teaching/597/code/in-class/rails/yolo-octo-nemesis/app/helpers/reviews_helper.rb": [
        1,
        null
      ],
      "/Users/swapneel/Penn/Fall2014/Teaching/597/code/in-class/rails/yolo-octo-nemesis/app/helpers/songs_helper.rb": [
        1,
        null
      ],
      "/Users/swapneel/Penn/Fall2014/Teaching/597/code/in-class/rails/yolo-octo-nemesis/app/helpers/users_helper.rb": [
        1,
        null
      ],
      "/Users/swapneel/Penn/Fall2014/Teaching/597/code/in-class/rails/yolo-octo-nemesis/app/models/album.rb": [
        null,
        null,
        null,
        null,
        null,
        null,
        null,
        null,
        null,
        null,
        null,
        null,
        1,
        1,
        null,
        1,
        null,
        null,
        null,
        null,
        1,
        1,
        null
      ],
      "/Users/swapneel/Penn/Fall2014/Teaching/597/code/in-class/rails/yolo-octo-nemesis/app/controllers/playlists_controller.rb": [
        1,
        null,
        null,
        1,
        0,
        null,
        0,
        0,
        0,
        null,
        null,
        null,
        null,
        null,
        1,
        1,
        null,
        1,
        1,
        1,
        null,
        null,
        null,
        null,
        null,
        1,
        1,
        null,
        1,
        1,
        1,
        null,
        null,
        null,
        null,
        1,
        0,
        null,
        null,
        null,
        null,
        1,
        1,
        null,
        1,
        1,
        2,
        1,
        null,
        0,
        0,
        null,
        null,
        null,
        null,
        null,
        null,
        1,
        0,
        null,
        0,
        0,
        0,
        0,
        null,
        0,
        0,
        null,
        null,
        null,
        null,
        null,
        null,
        1,
        0,
        0,
        null,
        0,
        0,
        0,
        null,
        null,
        null
      ],
      "/Users/swapneel/Penn/Fall2014/Teaching/597/code/in-class/rails/yolo-octo-nemesis/app/models/playlist.rb": [
        null,
        null,
        null,
        null,
        null,
        null,
        null,
        null,
        null,
        null,
        null,
        1,
        1,
        null
      ],
      "/Users/swapneel/Penn/Fall2014/Teaching/597/code/in-class/rails/yolo-octo-nemesis/app/controllers/reviews_controller.rb": [
        1,
        null,
        null,
        1,
        0,
        null,
        0,
        0,
        0,
        null,
        null,
        null,
        null,
        null,
        1,
        0,
        null,
        0,
        0,
        0,
        null,
        null,
        null,
        null,
        null,
        1,
        0,
        null,
        0,
        0,
        0,
        null,
        null,
        null,
        null,
        1,
        0,
        null,
        null,
        null,
        null,
        1,
        0,
        null,
        0,
        0,
        0,
        0,
        null,
        0,
        0,
        null,
        null,
        null,
        null,
        null,
        null,
        1,
        0,
        null,
        0,
        0,
        0,
        0,
        null,
        0,
        0,
        null,
        null,
        null,
        null,
        null,
        null,
        1,
        0,
        0,
        null,
        0,
        0,
        0,
        null,
        null,
        null
      ],
      "/Users/swapneel/Penn/Fall2014/Teaching/597/code/in-class/rails/yolo-octo-nemesis/app/models/review.rb": [
        null,
        null,
        null,
        null,
        null,
        null,
        null,
        null,
        null,
        null,
        null,
        null,
        1,
        1,
        1,
        null,
        null,
        null,
        1,
        null
      ],
      "/Users/swapneel/Penn/Fall2014/Teaching/597/code/in-class/rails/yolo-octo-nemesis/app/controllers/songs_controller.rb": [
        1,
        null,
        null,
        1,
        0,
        0,
        null,
        0,
        null,
        null,
        0,
        0,
        0,
        null,
        null,
        null,
        null,
        null,
        1,
        0,
        null,
        0,
        0,
        0,
        null,
        null,
        null,
        null,
        null,
        1,
        0,
        null,
        0,
        0,
        0,
        null,
        null,
        null,
        null,
        1,
        0,
        null,
        null,
        null,
        null,
        1,
        0,
        null,
        0,
        0,
        0,
        0,
        null,
        0,
        0,
        null,
        null,
        null,
        null,
        null,
        null,
        1,
        0,
        null,
        0,
        0,
        0,
        0,
        null,
        0,
        0,
        null,
        null,
        null,
        null,
        null,
        null,
        1,
        0,
        0,
        null,
        0,
        0,
        0,
        null,
        null,
        null
      ],
      "/Users/swapneel/Penn/Fall2014/Teaching/597/code/in-class/rails/yolo-octo-nemesis/app/models/song.rb": [
        null,
        null,
        null,
        null,
        null,
        null,
        null,
        null,
        null,
        null,
        null,
        null,
        1,
        1,
        1,
        null,
        null,
        null,
        1,
        null
      ],
      "/Users/swapneel/Penn/Fall2014/Teaching/597/code/in-class/rails/yolo-octo-nemesis/app/controllers/users_controller.rb": [
        1,
        null,
        null,
        1,
        0,
        null,
        0,
        0,
        0,
        null,
        null,
        null,
        null,
        null,
        1,
        0,
        null,
        0,
        0,
        0,
        null,
        null,
        null,
        null,
        null,
        1,
        0,
        null,
        0,
        0,
        0,
        null,
        null,
        null,
        null,
        1,
        0,
        null,
        null,
        null,
        null,
        1,
        0,
        null,
        0,
        0,
        0,
        0,
        null,
        0,
        0,
        null,
        null,
        null,
        null,
        null,
        null,
        1,
        0,
        null,
        0,
        0,
        0,
        0,
        null,
        0,
        0,
        null,
        null,
        null,
        null,
        null,
        null,
        1,
        0,
        0,
        null,
        0,
        0,
        0,
        null,
        null,
        null
      ],
      "/Users/swapneel/Penn/Fall2014/Teaching/597/code/in-class/rails/yolo-octo-nemesis/app/models/user.rb": [
        1,
        1,
        null
      ]
    },
    "timestamp": 1416939360
  },
  "Unit Tests": {
    "coverage": {
      "/Users/swapneel/Penn/Fall2014/Teaching/597/code/in-class/rails/yolo-octo-nemesis/app/controllers/albums_controller.rb": [
        1,
        null,
        null,
        1,
        0,
        null,
        0,
        0,
        0,
        null,
        null,
        null,
        1,
        0,
        null,
        null,
        1,
        null,
        null,
        0,
        0,
        0,
        null,
        null,
        0,
        null,
        null,
        null,
        null,
        1,
        0,
        null,
        0,
        0,
        0,
        null,
        null,
        null,
        null,
        null,
        1,
        0,
        null,
        0,
        0,
        0,
        null,
        null,
        null,
        null,
        1,
        0,
        null,
        null,
        null,
        null,
        1,
        0,
        null,
        0,
        0,
        0,
        0,
        null,
        0,
        0,
        null,
        null,
        null,
        null,
        null,
        null,
        1,
        0,
        null,
        0,
        0,
        0,
        0,
        null,
        0,
        0,
        null,
        null,
        null,
        null,
        null,
        null,
        1,
        0,
        0,
        null,
        0,
        0,
        0,
        null,
        null,
        null
      ],
      "/Users/swapneel/Penn/Fall2014/Teaching/597/code/in-class/rails/yolo-octo-nemesis/app/controllers/application_controller.rb": [
        1,
        1,
        null
      ],
      "/Users/swapneel/Penn/Fall2014/Teaching/597/code/in-class/rails/yolo-octo-nemesis/app/helpers/application_helper.rb": [
        1,
        null
      ],
      "/Users/swapneel/Penn/Fall2014/Teaching/597/code/in-class/rails/yolo-octo-nemesis/app/helpers/albums_helper.rb": [
        1,
        null
      ],
      "/Users/swapneel/Penn/Fall2014/Teaching/597/code/in-class/rails/yolo-octo-nemesis/app/helpers/playlists_helper.rb": [
        1,
        null
      ],
      "/Users/swapneel/Penn/Fall2014/Teaching/597/code/in-class/rails/yolo-octo-nemesis/app/helpers/reviews_helper.rb": [
        1,
        null
      ],
      "/Users/swapneel/Penn/Fall2014/Teaching/597/code/in-class/rails/yolo-octo-nemesis/app/helpers/songs_helper.rb": [
        1,
        null
      ],
      "/Users/swapneel/Penn/Fall2014/Teaching/597/code/in-class/rails/yolo-octo-nemesis/app/helpers/users_helper.rb": [
        1,
        null
      ],
      "/Users/swapneel/Penn/Fall2014/Teaching/597/code/in-class/rails/yolo-octo-nemesis/app/models/album.rb": [
        null,
        null,
        null,
        null,
        null,
        null,
        null,
        null,
        null,
        null,
        null,
        null,
        1,
        1,
        null,
        1,
        null,
        null,
        null,
        null,
        1,
        1,
        null
      ],
      "/Users/swapneel/Penn/Fall2014/Teaching/597/code/in-class/rails/yolo-octo-nemesis/app/controllers/playlists_controller.rb": [
        1,
        null,
        null,
        1,
        0,
        null,
        0,
        0,
        0,
        null,
        null,
        null,
        null,
        null,
        1,
        0,
        null,
        0,
        0,
        0,
        null,
        null,
        null,
        null,
        null,
        1,
        0,
        null,
        0,
        0,
        0,
        null,
        null,
        null,
        null,
        1,
        0,
        null,
        null,
        null,
        null,
        1,
        0,
        null,
        0,
        0,
        0,
        0,
        null,
        0,
        0,
        null,
        null,
        null,
        null,
        null,
        null,
        1,
        0,
        null,
        0,
        0,
        0,
        0,
        null,
        0,
        0,
        null,
        null,
        null,
        null,
        null,
        null,
        1,
        0,
        0,
        null,
        0,
        0,
        0,
        null,
        null,
        null
      ],
      "/Users/swapneel/Penn/Fall2014/Teaching/597/code/in-class/rails/yolo-octo-nemesis/app/models/playlist.rb": [
        null,
        null,
        null,
        null,
        null,
        null,
        null,
        null,
        null,
        null,
        null,
        1,
        1,
        null
      ],
      "/Users/swapneel/Penn/Fall2014/Teaching/597/code/in-class/rails/yolo-octo-nemesis/app/controllers/reviews_controller.rb": [
        1,
        null,
        null,
        1,
        0,
        null,
        0,
        0,
        0,
        null,
        null,
        null,
        null,
        null,
        1,
        0,
        null,
        0,
        0,
        0,
        null,
        null,
        null,
        null,
        null,
        1,
        0,
        null,
        0,
        0,
        0,
        null,
        null,
        null,
        null,
        1,
        0,
        null,
        null,
        null,
        null,
        1,
        0,
        null,
        0,
        0,
        0,
        0,
        null,
        0,
        0,
        null,
        null,
        null,
        null,
        null,
        null,
        1,
        0,
        null,
        0,
        0,
        0,
        0,
        null,
        0,
        0,
        null,
        null,
        null,
        null,
        null,
        null,
        1,
        0,
        0,
        null,
        0,
        0,
        0,
        null,
        null,
        null
      ],
      "/Users/swapneel/Penn/Fall2014/Teaching/597/code/in-class/rails/yolo-octo-nemesis/app/models/review.rb": [
        null,
        null,
        null,
        null,
        null,
        null,
        null,
        null,
        null,
        null,
        null,
        null,
        1,
        1,
        1,
        null,
        null,
        null,
        1,
        null
      ],
      "/Users/swapneel/Penn/Fall2014/Teaching/597/code/in-class/rails/yolo-octo-nemesis/app/controllers/songs_controller.rb": [
        1,
        null,
        null,
        1,
        0,
        0,
        null,
        0,
        null,
        null,
        0,
        0,
        0,
        null,
        null,
        null,
        null,
        null,
        1,
        0,
        null,
        0,
        0,
        0,
        null,
        null,
        null,
        null,
        null,
        1,
        0,
        null,
        0,
        0,
        0,
        null,
        null,
        null,
        null,
        1,
        0,
        null,
        null,
        null,
        null,
        1,
        0,
        null,
        0,
        0,
        0,
        0,
        null,
        0,
        0,
        null,
        null,
        null,
        null,
        null,
        null,
        1,
        0,
        null,
        0,
        0,
        0,
        0,
        null,
        0,
        0,
        null,
        null,
        null,
        null,
        null,
        null,
        1,
        0,
        0,
        null,
        0,
        0,
        0,
        null,
        null,
        null
      ],
      "/Users/swapneel/Penn/Fall2014/Teaching/597/code/in-class/rails/yolo-octo-nemesis/app/models/song.rb": [
        null,
        null,
        null,
        null,
        null,
        null,
        null,
        null,
        null,
        null,
        null,
        null,
        1,
        1,
        1,
        null,
        null,
        null,
        1,
        null
      ],
      "/Users/swapneel/Penn/Fall2014/Teaching/597/code/in-class/rails/yolo-octo-nemesis/app/controllers/users_controller.rb": [
        1,
        null,
        null,
        1,
        0,
        null,
        0,
        0,
        0,
        null,
        null,
        null,
        null,
        null,
        1,
        0,
        null,
        0,
        0,
        0,
        null,
        null,
        null,
        null,
        null,
        1,
        0,
        null,
        0,
        0,
        0,
        null,
        null,
        null,
        null,
        1,
        0,
        null,
        null,
        null,
        null,
        1,
        0,
        null,
        0,
        0,
        0,
        0,
        null,
        0,
        0,
        null,
        null,
        null,
        null,
        null,
        null,
        1,
        0,
        null,
        0,
        0,
        0,
        0,
        null,
        0,
        0,
        null,
        null,
        null,
        null,
        null,
        null,
        1,
        0,
        0,
        null,
        0,
        0,
        0,
        null,
        null,
        null
      ],
      "/Users/swapneel/Penn/Fall2014/Teaching/597/code/in-class/rails/yolo-octo-nemesis/app/models/user.rb": [
        1,
        1,
        null
      ]
    },
    "timestamp": 1416939414
  },
  "Functional Tests": {
    "coverage": {
      "/Users/swapneel/Penn/Fall2014/Teaching/597/code/in-class/rails/yolo-octo-nemesis/app/controllers/albums_controller.rb": [
        1,
        null,
        null,
        1,
        1,
        null,
        1,
        1,
        1,
        null,
        null,
        null,
        1,
        0,
        null,
        null,
        1,
        null,
        null,
        0,
        0,
        0,
        null,
        null,
        0,
        null,
        null,
        null,
        null,
        1,
        1,
        null,
        1,
        1,
        1,
        null,
        null,
        null,
        null,
        null,
        1,
        1,
        null,
        1,
        1,
        1,
        null,
        null,
        null,
        null,
        1,
        1,
        null,
        null,
        null,
        null,
        1,
        1,
        null,
        1,
        1,
        2,
        1,
        null,
        0,
        0,
        null,
        null,
        null,
        null,
        null,
        null,
        1,
        1,
        null,
        1,
        1,
        2,
        1,
        null,
        0,
        0,
        null,
        null,
        null,
        null,
        null,
        null,
        1,
        1,
        1,
        null,
        1,
        2,
        1,
        null,
        null,
        null
      ],
      "/Users/swapneel/Penn/Fall2014/Teaching/597/code/in-class/rails/yolo-octo-nemesis/app/controllers/application_controller.rb": [
        1,
        1,
        null
      ],
      "/Users/swapneel/Penn/Fall2014/Teaching/597/code/in-class/rails/yolo-octo-nemesis/app/helpers/application_helper.rb": [
        1,
        null
      ],
      "/Users/swapneel/Penn/Fall2014/Teaching/597/code/in-class/rails/yolo-octo-nemesis/app/helpers/albums_helper.rb": [
        1,
        null
      ],
      "/Users/swapneel/Penn/Fall2014/Teaching/597/code/in-class/rails/yolo-octo-nemesis/app/helpers/playlists_helper.rb": [
        1,
        null
      ],
      "/Users/swapneel/Penn/Fall2014/Teaching/597/code/in-class/rails/yolo-octo-nemesis/app/helpers/reviews_helper.rb": [
        1,
        null
      ],
      "/Users/swapneel/Penn/Fall2014/Teaching/597/code/in-class/rails/yolo-octo-nemesis/app/helpers/songs_helper.rb": [
        1,
        null
      ],
      "/Users/swapneel/Penn/Fall2014/Teaching/597/code/in-class/rails/yolo-octo-nemesis/app/helpers/users_helper.rb": [
        1,
        null
      ],
      "/Users/swapneel/Penn/Fall2014/Teaching/597/code/in-class/rails/yolo-octo-nemesis/app/models/album.rb": [
        null,
        null,
        null,
        null,
        null,
        null,
        null,
        null,
        null,
        null,
        null,
        null,
        1,
        1,
        null,
        1,
        null,
        null,
        null,
        null,
        1,
        1,
        null
      ],
      "/Users/swapneel/Penn/Fall2014/Teaching/597/code/in-class/rails/yolo-octo-nemesis/app/controllers/playlists_controller.rb": [
        1,
        null,
        null,
        1,
        1,
        null,
        1,
        1,
        1,
        null,
        null,
        null,
        null,
        null,
        1,
        1,
        null,
        1,
        1,
        1,
        null,
        null,
        null,
        null,
        null,
        1,
        1,
        null,
        1,
        1,
        1,
        null,
        null,
        null,
        null,
        1,
        1,
        null,
        null,
        null,
        null,
        1,
        1,
        null,
        1,
        1,
        2,
        1,
        null,
        0,
        0,
        null,
        null,
        null,
        null,
        null,
        null,
        1,
        1,
        null,
        1,
        1,
        2,
        1,
        null,
        0,
        0,
        null,
        null,
        null,
        null,
        null,
        null,
        1,
        1,
        1,
        null,
        1,
        2,
        1,
        null,
        null,
        null
      ],
      "/Users/swapneel/Penn/Fall2014/Teaching/597/code/in-class/rails/yolo-octo-nemesis/app/models/playlist.rb": [
        null,
        null,
        null,
        null,
        null,
        null,
        null,
        null,
        null,
        null,
        null,
        1,
        1,
        null
      ],
      "/Users/swapneel/Penn/Fall2014/Teaching/597/code/in-class/rails/yolo-octo-nemesis/app/controllers/reviews_controller.rb": [
        1,
        null,
        null,
        1,
        1,
        null,
        1,
        1,
        1,
        null,
        null,
        null,
        null,
        null,
        1,
        1,
        null,
        1,
        1,
        1,
        null,
        null,
        null,
        null,
        null,
        1,
        1,
        null,
        1,
        1,
        1,
        null,
        null,
        null,
        null,
        1,
        1,
        null,
        null,
        null,
        null,
        1,
        1,
        null,
        1,
        1,
        0,
        0,
        null,
        2,
        1,
        null,
        null,
        null,
        null,
        null,
        null,
        1,
        1,
        null,
        1,
        1,
        0,
        0,
        null,
        2,
        1,
        null,
        null,
        null,
        null,
        null,
        null,
        1,
        1,
        1,
        null,
        1,
        2,
        1,
        null,
        null,
        null
      ],
      "/Users/swapneel/Penn/Fall2014/Teaching/597/code/in-class/rails/yolo-octo-nemesis/app/models/review.rb": [
        null,
        null,
        null,
        null,
        null,
        null,
        null,
        null,
        null,
        null,
        null,
        null,
        1,
        1,
        1,
        null,
        null,
        null,
        1,
        null
      ],
      "/Users/swapneel/Penn/Fall2014/Teaching/597/code/in-class/rails/yolo-octo-nemesis/app/controllers/songs_controller.rb": [
        1,
        null,
        null,
        1,
        1,
        0,
        null,
        1,
        null,
        null,
        1,
        1,
        1,
        null,
        null,
        null,
        null,
        null,
        1,
        1,
        null,
        1,
        1,
        1,
        null,
        null,
        null,
        null,
        null,
        1,
        1,
        null,
        1,
        1,
        1,
        null,
        null,
        null,
        null,
        1,
        1,
        null,
        null,
        null,
        null,
        1,
        1,
        null,
        1,
        1,
        2,
        1,
        null,
        0,
        0,
        null,
        null,
        null,
        null,
        null,
        null,
        1,
        1,
        null,
        1,
        1,
        2,
        1,
        null,
        0,
        0,
        null,
        null,
        null,
        null,
        null,
        null,
        1,
        1,
        1,
        null,
        1,
        2,
        1,
        null,
        null,
        null
      ],
      "/Users/swapneel/Penn/Fall2014/Teaching/597/code/in-class/rails/yolo-octo-nemesis/app/models/song.rb": [
        null,
        null,
        null,
        null,
        null,
        null,
        null,
        null,
        null,
        null,
        null,
        null,
        1,
        1,
        1,
        null,
        null,
        null,
        1,
        null
      ],
      "/Users/swapneel/Penn/Fall2014/Teaching/597/code/in-class/rails/yolo-octo-nemesis/app/controllers/users_controller.rb": [
        1,
        null,
        null,
        1,
        0,
        null,
        0,
        0,
        0,
        null,
        null,
        null,
        null,
        null,
        1,
        0,
        null,
        0,
        0,
        0,
        null,
        null,
        null,
        null,
        null,
        1,
        0,
        null,
        0,
        0,
        0,
        null,
        null,
        null,
        null,
        1,
        0,
        null,
        null,
        null,
        null,
        1,
        0,
        null,
        0,
        0,
        0,
        0,
        null,
        0,
        0,
        null,
        null,
        null,
        null,
        null,
        null,
        1,
        0,
        null,
        0,
        0,
        0,
        0,
        null,
        0,
        0,
        null,
        null,
        null,
        null,
        null,
        null,
        1,
        0,
        0,
        null,
        0,
        0,
        0,
        null,
        null,
        null
      ],
      "/Users/swapneel/Penn/Fall2014/Teaching/597/code/in-class/rails/yolo-octo-nemesis/app/models/user.rb": [
        1,
        1,
        null
      ]
    },
    "timestamp": 1416939416
  },
  "RSpec": {
    "coverage": {
      "/Users/swapneel/Penn/Fall2014/Teaching/597/code/in-class/rails/yolo-octo-nemesis/app/controllers/albums_controller.rb": [
        1,
        null,
        null,
        1,
        0,
        null,
        0,
        0,
        0,
        null,
        null,
        null,
        1,
        0,
        null,
        null,
        1,
        null,
        null,
        0,
        0,
        0,
        null,
        null,
        0,
        null,
        null,
        null,
        null,
        1,
        0,
        null,
        0,
        0,
        0,
        null,
        null,
        null,
        null,
        null,
        1,
        0,
        null,
        0,
        0,
        0,
        null,
        null,
        null,
        null,
        1,
        0,
        null,
        null,
        null,
        null,
        1,
        0,
        null,
        0,
        0,
        0,
        0,
        null,
        0,
        0,
        null,
        null,
        null,
        null,
        null,
        null,
        1,
        0,
        null,
        0,
        0,
        0,
        0,
        null,
        0,
        0,
        null,
        null,
        null,
        null,
        null,
        null,
        1,
        0,
        0,
        null,
        0,
        0,
        0,
        null,
        null,
        null
      ],
      "/Users/swapneel/Penn/Fall2014/Teaching/597/code/in-class/rails/yolo-octo-nemesis/app/controllers/application_controller.rb": [
        1,
        1,
        null
      ],
      "/Users/swapneel/Penn/Fall2014/Teaching/597/code/in-class/rails/yolo-octo-nemesis/app/helpers/application_helper.rb": [
        1,
        null
      ],
      "/Users/swapneel/Penn/Fall2014/Teaching/597/code/in-class/rails/yolo-octo-nemesis/app/helpers/albums_helper.rb": [
        1,
        null
      ],
      "/Users/swapneel/Penn/Fall2014/Teaching/597/code/in-class/rails/yolo-octo-nemesis/app/helpers/playlists_helper.rb": [
        1,
        null
      ],
      "/Users/swapneel/Penn/Fall2014/Teaching/597/code/in-class/rails/yolo-octo-nemesis/app/helpers/reviews_helper.rb": [
        1,
        null
      ],
      "/Users/swapneel/Penn/Fall2014/Teaching/597/code/in-class/rails/yolo-octo-nemesis/app/helpers/songs_helper.rb": [
        1,
        null
      ],
      "/Users/swapneel/Penn/Fall2014/Teaching/597/code/in-class/rails/yolo-octo-nemesis/app/helpers/users_helper.rb": [
        1,
        null
      ],
      "/Users/swapneel/Penn/Fall2014/Teaching/597/code/in-class/rails/yolo-octo-nemesis/app/models/album.rb": [
        null,
        null,
        null,
        null,
        null,
        null,
        null,
        null,
        null,
        null,
        null,
        null,
        1,
        1,
        null,
        1,
        null,
        null,
        null,
        null,
        1,
        1,
        null
      ],
      "/Users/swapneel/Penn/Fall2014/Teaching/597/code/in-class/rails/yolo-octo-nemesis/app/controllers/playlists_controller.rb": [
        1,
        null,
        null,
        1,
        0,
        null,
        0,
        0,
        0,
        null,
        null,
        null,
        null,
        null,
        1,
        0,
        null,
        0,
        0,
        0,
        null,
        null,
        null,
        null,
        null,
        1,
        0,
        null,
        0,
        0,
        0,
        null,
        null,
        null,
        null,
        1,
        0,
        null,
        null,
        null,
        null,
        1,
        0,
        null,
        0,
        0,
        0,
        0,
        null,
        0,
        0,
        null,
        null,
        null,
        null,
        null,
        null,
        1,
        0,
        null,
        0,
        0,
        0,
        0,
        null,
        0,
        0,
        null,
        null,
        null,
        null,
        null,
        null,
        1,
        0,
        0,
        null,
        0,
        0,
        0,
        null,
        null,
        null
      ],
      "/Users/swapneel/Penn/Fall2014/Teaching/597/code/in-class/rails/yolo-octo-nemesis/app/models/playlist.rb": [
        null,
        null,
        null,
        null,
        null,
        null,
        null,
        null,
        null,
        null,
        null,
        1,
        1,
        null
      ],
      "/Users/swapneel/Penn/Fall2014/Teaching/597/code/in-class/rails/yolo-octo-nemesis/app/controllers/reviews_controller.rb": [
        1,
        null,
        null,
        1,
        0,
        null,
        0,
        0,
        0,
        null,
        null,
        null,
        null,
        null,
        1,
        0,
        null,
        0,
        0,
        0,
        null,
        null,
        null,
        null,
        null,
        1,
        0,
        null,
        0,
        0,
        0,
        null,
        null,
        null,
        null,
        1,
        0,
        null,
        null,
        null,
        null,
        1,
        0,
        null,
        0,
        0,
        0,
        0,
        null,
        0,
        0,
        null,
        null,
        null,
        null,
        null,
        null,
        1,
        0,
        null,
        0,
        0,
        0,
        0,
        null,
        0,
        0,
        null,
        null,
        null,
        null,
        null,
        null,
        1,
        0,
        0,
        null,
        0,
        0,
        0,
        null,
        null,
        null
      ],
      "/Users/swapneel/Penn/Fall2014/Teaching/597/code/in-class/rails/yolo-octo-nemesis/app/models/review.rb": [
        null,
        null,
        null,
        null,
        null,
        null,
        null,
        null,
        null,
        null,
        null,
        null,
        1,
        1,
        1,
        null,
        null,
        null,
        1,
        null
      ],
      "/Users/swapneel/Penn/Fall2014/Teaching/597/code/in-class/rails/yolo-octo-nemesis/app/controllers/songs_controller.rb": [
        1,
        null,
        null,
        1,
        0,
        0,
        null,
        0,
        null,
        null,
        0,
        0,
        0,
        null,
        null,
        null,
        null,
        null,
        1,
        0,
        null,
        0,
        0,
        0,
        null,
        null,
        null,
        null,
        null,
        1,
        0,
        null,
        0,
        0,
        0,
        null,
        null,
        null,
        null,
        1,
        0,
        null,
        null,
        null,
        null,
        1,
        0,
        null,
        0,
        0,
        0,
        0,
        null,
        0,
        0,
        null,
        null,
        null,
        null,
        null,
        null,
        1,
        0,
        null,
        0,
        0,
        0,
        0,
        null,
        0,
        0,
        null,
        null,
        null,
        null,
        null,
        null,
        1,
        0,
        0,
        null,
        0,
        0,
        0,
        null,
        null,
        null
      ],
      "/Users/swapneel/Penn/Fall2014/Teaching/597/code/in-class/rails/yolo-octo-nemesis/app/models/song.rb": [
        null,
        null,
        null,
        null,
        null,
        null,
        null,
        null,
        null,
        null,
        null,
        null,
        1,
        1,
        1,
        null,
        null,
        null,
        1,
        null
      ],
      "/Users/swapneel/Penn/Fall2014/Teaching/597/code/in-class/rails/yolo-octo-nemesis/app/controllers/users_controller.rb": [
        1,
        null,
        null,
        1,
        2,
        null,
        2,
        2,
        2,
        null,
        null,
        null,
        null,
        null,
        1,
        1,
        null,
        1,
        1,
        1,
        null,
        null,
        null,
        null,
        null,
        1,
        1,
        null,
        1,
        1,
        1,
        null,
        null,
        null,
        null,
        1,
        1,
        null,
        null,
        null,
        null,
        1,
        5,
        null,
        5,
        5,
        6,
        3,
        null,
        4,
        2,
        null,
        null,
        null,
        null,
        null,
        null,
        1,
        5,
        null,
        5,
        5,
        4,
        2,
        null,
        6,
        3,
        null,
        null,
        null,
        null,
        null,
        null,
        1,
        2,
        2,
        null,
        2,
        4,
        2,
        null,
        null,
        null
      ],
      "/Users/swapneel/Penn/Fall2014/Teaching/597/code/in-class/rails/yolo-octo-nemesis/app/models/user.rb": [
        1,
        1,
        null
      ]
    },
    "timestamp": 1416939438
  }
}
